<?xml version="1.0" encoding="UTF-8"?>
<!-- Generated by org.testng.reporters.JUnitXMLReporter -->
<testsuite ignored="0" hostname="venky" failures="0" tests="4" name="Test" time="22.558" errors="0" timestamp="2024-04-19T20:53:56 IST">
  <testcase classname="T6" name="logoPresence" time="0.451"/>
  <testcase classname="T6" name="loginTest" time="2.831"/>
  <testcase classname="T6" name="registrationTest" time="0.004">
    <skipped/>
  </testcase> <!-- registrationTest -->
  <testcase classname="T6" name="myaccountTest" time="0.687"/>
</testsuite> <!-- Test -->
