<?xml version="1.0" encoding="UTF-8"?>
<!-- Generated by org.testng.reporters.JUnitXMLReporter -->
<testsuite ignored="0" hostname="venky" failures="0" tests="4" name="Default test" time="18.067" errors="0" timestamp="2024-04-19T20:55:53 IST">
  <testcase classname="T6" name="logoPresence" time="0.333"/>
  <testcase classname="T6" name="loginTest" time="1.881"/>
  <testcase classname="T6" name="registrationTest" time="0.007">
    <skipped/>
  </testcase> <!-- registrationTest -->
  <testcase classname="T6" name="myaccountTest" time="0.599"/>
</testsuite> <!-- Default test -->
