<?xml version="1.0" encoding="UTF-8"?>
<!-- Generated by org.testng.reporters.JUnitXMLReporter -->
<testsuite ignored="0" hostname="venky" failures="0" tests="4" name="Test" time="10.326" errors="0" timestamp="2024-04-21T10:46:43 IST">
  <testcase classname="T6" name="logoPresence" time="0.133"/>
  <testcase classname="T6" name="loginTest" time="1.718"/>
  <testcase classname="T6" name="registrationTest" time="0.008">
    <skipped/>
  </testcase> <!-- registrationTest -->
  <testcase classname="T6" name="myaccountTest" time="0.753"/>
</testsuite> <!-- Test -->
